        -:    0:Source:Password.cpp
        -:    0:Graph:Password.gcno
        -:    0:Data:Password.gcda
        -:    0:Runs:0
        -:    1:#include "Password.h"
        -:    2:#include <string>
        -:    3:#include <cctype>
        -:    4:
        -:    5:using std::string;
        -:    6:
        -:    7:/*
        -:    8:  The function receives a string counts how many times the same character 
        -:    9:  occurs at the beginning of the string, before any other characters (or the
        -:   10:  end of the string). The function is case-sensitive so 'Z' is different than
        -:   11:  'z' and any ASCII characters are allowed.
        -:   12:*/
function _ZN8Password24count_leading_charactersENSt7__cxx1112basic_stringIcSt11char_traitsIcESaIcEEE called 0 returned 0% blocks executed 0%
    #####:   13:int Password::count_leading_characters(string phrase){
    #####:   14:  int repetition = 1;
    #####:   15:  int index = 0;
    #####:   16:  while( index < phrase.length()-1 && phrase[index] == phrase[index+1] ){
call    0 never executed
branch  1 never executed (fallthrough)
branch  2 never executed
call    3 never executed
call    4 never executed
branch  5 never executed (fallthrough)
branch  6 never executed
branch  7 never executed
branch  8 never executed (fallthrough)
        -:   17:
    #####:   18:    repetition++;
    #####:   19:    index++;
        -:   20:  }
        -:   21:
    #####:   22:  return repetition;
        -:   23:}
        -:   24:
